This file contains any messages produced by compilers while
running configure, to aid debugging if configure makes a mistake.

It was created by preview-latex configure 11.84, which was
generated by GNU Autoconf 2.69.  Invocation command line was

  $ ./configure --disable-option-checking --prefix=/usr/local --cache-file=/dev/null --srcdir=.

## --------- ##
## Platform. ##
## --------- ##

hostname = qjl-desktop
uname -m = i686
uname -r = 2.6.39.2
uname -s = Linux
uname -v = #5 SMP Mon May 20 21:16:48 CST 2013

/usr/bin/uname -p = unknown
/bin/uname -X     = unknown

/bin/arch              = unknown
/usr/bin/arch -k       = unknown
/usr/convex/getsysinfo = unknown
/usr/bin/hostinfo      = unknown
/bin/machine           = unknown
/usr/bin/oslevel       = unknown
/bin/universe          = unknown

PATH: /usr/local/texlive/2013/bin/i386-linux
PATH: /usr/local/texlive/2013/bin/i386-linux
PATH: /usr/local/texlive/2013/bin/i386-linux
PATH: /usr/local/sbin
PATH: /usr/local/bin
PATH: /usr/sbin
PATH: /usr/bin
PATH: /sbin
PATH: /bin
PATH: /usr/games
PATH: /root/sda5/jvm/jdk1.6.0_27/bin
PATH: /opt/qq2011/bin
PATH: /root/ns-allinone-2.29/bin
PATH: /root/ns-allinone-2.29/tcl8.4.11/unix
PATH: /root/ns-allinone-2.29/tk8.4.11/unix
PATH: /usr/local/mpich/bin
PATH: /opt/qq2011/bin
PATH: /root/ns-allinone-2.29/bin
PATH: /root/ns-allinone-2.29/tcl8.4.11/unix
PATH: /root/ns-allinone-2.29/tk8.4.11/unix
PATH: /usr/local/mpich/bin


## ----------- ##
## Core tests. ##
## ----------- ##

configure:1744: checking whether make sets $(MAKE)
configure:1766: result: yes
configure:1818: checking for a BSD-compatible install
configure:1886: result: /usr/bin/install -c
configure:1949: checking for /usr/local/bin/emacs
configure:1979: result: /usr/local/bin/emacs
configure:1995: checking if /usr/local/bin/emacs is XEmacs
/usr/local/bin/emacs -batch -no-site-file -eval (let* ((x (if (featurep (quote xemacs)) "yes" "no"))) (write-region (if (stringp x) x (prin1-to-string x)) nil "./conftest-6349"))
Wrote /root/.emacs.d/auctex-11.87/preview/conftest-6349
=> no
configure:2015: result: no
configure:2019: checking for Emacs prefix
/usr/local/bin/emacs -batch -no-site-file -eval (let* ((cmd(pop command-line-args-left))(x (condition-case nil (let*
    ((prefix (directory-file-name (file-name-directory (executable-find cmd))))
     (parent (directory-file-name (file-name-directory prefix))))
    (if (string= (file-name-nondirectory prefix) "bin")
        (setq prefix parent)
      (if (string= (file-name-nondirectory parent) "bin")
         (setq prefix (directory-file-name (file-name-directory parent)))))
    prefix) (error NONE)))) (write-region (if (stringp x) x (prin1-to-string x)) nil "./conftest-6349")) /usr/local/bin/emacs
Wrote /root/.emacs.d/auctex-11.87/preview/conftest-6349
=> /usr/local
configure:2038: result: "/usr/local"
configure:2068: checking if Emacs is recent enough
/usr/local/bin/emacs -batch -no-site-file -eval (let* ((x (cond ((< emacs-major-version 21) "no")
			 ((> emacs-major-version 21) "yes")
			 ((< emacs-minor-version 01) "no")
			 (t "yes")))) (write-region (if (stringp x) x (prin1-to-string x)) nil "./conftest-6349"))
Wrote /root/.emacs.d/auctex-11.87/preview/conftest-6349
=> yes
configure:2082: result: yes
configure:2120: checking if build directory is valid
/usr/local/bin/emacs -batch -eval (let* ((x (if (or (member (directory-file-name default-directory) load-path)	      (member (file-name-as-directory default-directory) load-path))	 "no" "yes"))) (write-region (if (stringp x) x (prin1-to-string x)) nil "./conftest-6349"))
Wrote /root/.emacs.d/auctex-11.87/preview/conftest-6349
=> yes
configure:2136: result: yes
configure:2226: checking where lisp files go
/usr/local/bin/emacs -batch -eval (let* ((prefix(pop command-line-args-left)) (expanded(pop command-line-args-left)) (x (catch 22
       (let (reldir (dirs load-path))
	  (dolist (name (list "emacs/site-lisp" "emacs/site-packages"
	         "site-lisp" "site-packages") "NONE")
	    (dolist (dir dirs)
	      (when (and dir
	      	         (setq dir (directory-file-name dir))
                         (file-name-absolute-p dir)
	      	         (file-directory-p dir)
	                 (not (string-match "\\`\\.\\."
                           (setq reldir (file-relative-name dir expanded))))
			 (not (file-name-absolute-p reldir))
                         (let ((name name) (dir dir))
		           (while (and dir name
		                       (string= (file-name-nondirectory dir)
		                                (file-name-nondirectory name))
                              (setq dir (file-name-directory dir)
				   name (file-name-directory name))
			      (if (and dir name)
			         (setq dir (directory-file-name dir)
			              name (directory-file-name name)))))
		            (null name))
		   (throw 22
                      (if (string= reldir ".") (directory-file-name prefix)
                        (concat (file-name-as-directory prefix)
                                reldir))))))))))) (write-region (if (stringp x) x (prin1-to-string x)) nil "./conftest-6349")) ${datadir}/emacs /usr/local/share/emacs
Wrote /root/.emacs.d/auctex-11.87/preview/conftest-6349
=> ${datadir}/emacs/site-lisp
configure:2298: result: ${datadir}/emacs/site-lisp
configure:2302: checking what file to use for preview startup
configure:2329: result: ${datadir}/emacs/site-lisp/preview-latex.el
configure:2343: checking where the package lisp files go
/usr/local/bin/emacs -batch -no-site-file -eval (let* ((path(pop command-line-args-left)) (lispdir(pop command-line-args-left)) (startup(pop command-line-args-left)) (target(pop command-line-args-left))(x (progn (setq path (directory-file-name path))
  (if (or target
          (not (string= (car load-path) (directory-file-name (car load-path)))))
    (setq path (file-name-as-directory path)))
  (setq path (expand-file-name path lispdir))
  (setq startupdir (file-name-directory (expand-file-name startup lispdir)))
  (prin1-to-string
    (if (or (string-match "\\`\\.\\."
              (setq relname (file-relative-name startupdir lispdir)))
            (file-name-absolute-p relname)
	    (string-match "\\`\\.\\."
              (setq relname (file-relative-name path lispdir)))
 	    (file-name-absolute-p relname))
	  (concat path target)
	(cond (target
	       `(expand-file-name
                   ,(file-relative-name (concat path target) startupdir)
	           (file-name-directory load-file-name)))
              ((string= path startupdir)
	         '(file-name-directory load-file-name))
	      ((string= path (directory-file-name startupdir))
                 '(directory-file-name (file-name-directory load-file-name)))
              (t
	       `(expand-file-name
                   ,(file-relative-name path startupdir)
	           (file-name-directory load-file-name))))))))) (write-region (if (stringp x) x (prin1-to-string x)) nil "./conftest-6349")) /usr/local/share/emacs/site-lisp/auctex /usr/local/share/emacs/site-lisp /usr/local/share/emacs/site-lisp/preview-latex.el
Wrote /root/.emacs.d/auctex-11.87/preview/conftest-6349
=> (expand-file-name "auctex" (file-name-directory load-file-name))
configure:2424: result: ${datadir}/emacs/site-lisp/auctex
configure:2427: checking where the data files go
/usr/local/bin/emacs -batch -no-site-file -eval (let* ((path(pop command-line-args-left)) (lispdir(pop command-line-args-left)) (startup(pop command-line-args-left)) (target(pop command-line-args-left))(x (progn (setq path (directory-file-name path))
  (if (or target
          (not (string= (car load-path) (directory-file-name (car load-path)))))
    (setq path (file-name-as-directory path)))
  (setq path (expand-file-name path lispdir))
  (setq startupdir (file-name-directory (expand-file-name startup lispdir)))
  (prin1-to-string
    (if (or (string-match "\\`\\.\\."
              (setq relname (file-relative-name startupdir lispdir)))
            (file-name-absolute-p relname)
	    (string-match "\\`\\.\\."
              (setq relname (file-relative-name path lispdir)))
 	    (file-name-absolute-p relname))
	  (concat path target)
	(cond (target
	       `(expand-file-name
                   ,(file-relative-name (concat path target) startupdir)
	           (file-name-directory load-file-name)))
              ((string= path startupdir)
	         '(file-name-directory load-file-name))
	      ((string= path (directory-file-name startupdir))
                 '(directory-file-name (file-name-directory load-file-name)))
              (t
	       `(expand-file-name
                   ,(file-relative-name path startupdir)
	           (file-name-directory load-file-name))))))))) (write-region (if (stringp x) x (prin1-to-string x)) nil "./conftest-6349")) /usr/local/share/emacs/site-lisp/auctex /usr/local/share/emacs/site-lisp /usr/local/share/emacs/site-lisp/preview-latex.el
Wrote /root/.emacs.d/auctex-11.87/preview/conftest-6349
=> (expand-file-name "auctex" (file-name-directory load-file-name))
configure:2508: result: ${datadir}/emacs/site-lisp/auctex
configure:2515: checking for the location of AUCTeX's tex-site.el
configure:2564: result: ..
configure:2575: checking for gs
configure:2591: found /usr/bin/gs
configure:2602: result: gs
/usr/local/bin/emacs -batch -no-site-file -eval (let* ((dir(pop command-line-args-left))(x (if (member dir (list "NONE" (if (eq system-type 'windows-nt) "GSWIN32C.EXE" "gs"))) "" `(defvar preview-gs-command ,dir)))) (write-region (if (stringp x) x (prin1-to-string x)) nil "./conftest-6349")) gs
Wrote /root/.emacs.d/auctex-11.87/preview/conftest-6349
=> 
configure:2630: checking for latex
configure:2648: found /usr/local/texlive/2013/bin/i386-linux/latex
configure:2661: result: /usr/local/texlive/2013/bin/i386-linux/latex
configure:2677: checking for pdflatex
configure:2695: found /usr/local/texlive/2013/bin/i386-linux/pdflatex
configure:2707: result: /usr/local/texlive/2013/bin/i386-linux/pdflatex
configure:2726: checking for tex
configure:2757: result: /usr/local/texlive/2013/bin/i386-linux/tex
configure:2861: checking for prefix from kpsepath
/usr/local/bin/emacs -batch -no-site-file -eval (let* ((cmd(pop command-line-args-left))(x (condition-case nil (let*
    ((prefix (directory-file-name (file-name-directory (executable-find cmd))))
     (parent (directory-file-name (file-name-directory prefix))))
    (if (string= (file-name-nondirectory prefix) "bin")
        (setq prefix parent)
      (if (string= (file-name-nondirectory parent) "bin")
         (setq prefix (directory-file-name (file-name-directory parent)))))
    prefix) (error NONE)))) (write-region (if (stringp x) x (prin1-to-string x)) nil "./conftest-6349")) kpsepath
Wrote /root/.emacs.d/auctex-11.87/preview/conftest-6349
=> /usr/local/texlive/2013
configure:2885: result: "/usr/local/texlive/2013"
configure:2888: checking for TDS-compliant directory
/usr/local/bin/emacs -batch -no-site-file -eval (let* ((prefix(pop command-line-args-left)) (expanded(pop command-line-args-left)) (pathoutput(pop command-line-args-left))(x (catch 22
       (let (reldir (dirs (mapcar (lambda(x)
              (and (string-match "\\`!*\\(.*\\)/tex/latex//+\\'" x)
	           (match-string 1 x)))
      (append (split-string pathoutput ";")
             (split-string pathoutput ":")))))
	  (dolist (name (list nil) "NONE")
	    (dolist (dir dirs)
	      (when (and dir
	      	         (setq dir (directory-file-name dir))
                         (file-name-absolute-p dir)
	      	         (file-directory-p dir)
	                 (not (string-match "\\`\\.\\."
                           (setq reldir (file-relative-name dir expanded))))
			 (not (file-name-absolute-p reldir))
                         (let ((name name) (dir dir))
		           (while (and dir name
		                       (string= (file-name-nondirectory dir)
		                                (file-name-nondirectory name))
                              (setq dir (file-name-directory dir)
				   name (file-name-directory name))
			      (if (and dir name)
			         (setq dir (directory-file-name dir)
			              name (directory-file-name name)))))
		            (null name))
		   (throw 22
                      (if (string= reldir ".") (directory-file-name prefix)
                        (concat (file-name-as-directory prefix)
                                reldir))))))))))) (write-region (if (stringp x) x (prin1-to-string x)) nil "./conftest-6349")) ${datadir}/texmf /usr/local/share/texmf .:/root/.texlive2013/texmf-config/tex/latex//:/root/.texlive2013/texmf-var/tex/latex//:/root/texmf/tex/latex//:!!/usr/local/texlive/2013/texmf-config/tex/latex//:!!/usr/local/texlive/2013/texmf-var/tex/latex//:!!/usr/local/texlive/2013/../texmf-local/tex/latex//:!!/usr/local/texlive/2013/texmf-dist/tex/latex//:/root/.texlive2013/texmf-config/tex/generic//:/root/.texlive2013/texmf-var/tex/generic//:/root/texmf/tex/generic//:!!/usr/local/texlive/2013/texmf-config/tex/generic//:!!/usr/local/texlive/2013/texmf-var/tex/generic//:!!/usr/local/texlive/2013/../texmf-local/tex/generic//:!!/usr/local/texlive/2013/texmf-dist/tex/generic//:/root/.texlive2013/texmf-config/tex///:/root/.texlive2013/texmf-var/tex///:/root/texmf/tex///:!!/usr/local/texlive/2013/texmf-config/tex///:!!/usr/local/texlive/2013/texmf-var/tex///:!!/usr/local/texlive/2013/../texmf-local/tex///:!!/usr/local/texlive/2013/texmf-dist/tex///
Wrote /root/.emacs.d/auctex-11.87/preview/conftest-6349
=> NONE
/usr/local/bin/emacs -batch -no-site-file -eval (let* ((prefix(pop command-line-args-left)) (expanded(pop command-line-args-left)) (pathoutput(pop command-line-args-left))(x (catch 22
       (let (reldir (dirs (mapcar (lambda(x)
              (and (string-match "\\`!*\\(.*\\)/tex/latex//+\\'" x)
	           (match-string 1 x)))
      (append (split-string pathoutput ";")
             (split-string pathoutput ":")))))
	  (dolist (name (list nil) "NONE")
	    (dolist (dir dirs)
	      (when (and dir
	      	         (setq dir (directory-file-name dir))
                         (file-name-absolute-p dir)
	      	         (file-directory-p dir)
	                 (not (string-match "\\`\\.\\."
                           (setq reldir (file-relative-name dir expanded))))
			 (not (file-name-absolute-p reldir))
                         (let ((name name) (dir dir))
		           (while (and dir name
		                       (string= (file-name-nondirectory dir)
		                                (file-name-nondirectory name))
                              (setq dir (file-name-directory dir)
				   name (file-name-directory name))
			      (if (and dir name)
			         (setq dir (directory-file-name dir)
			              name (directory-file-name name)))))
		            (null name))
		   (throw 22
                      (if (string= reldir ".") (directory-file-name prefix)
                        (concat (file-name-as-directory prefix)
                                reldir))))))))))) (write-region (if (stringp x) x (prin1-to-string x)) nil "./conftest-6349")) /usr/local/texlive/2013/share/texmf-local /usr/local/texlive/2013/share/texmf-local .:/root/.texlive2013/texmf-config/tex/latex//:/root/.texlive2013/texmf-var/tex/latex//:/root/texmf/tex/latex//:!!/usr/local/texlive/2013/texmf-config/tex/latex//:!!/usr/local/texlive/2013/texmf-var/tex/latex//:!!/usr/local/texlive/2013/../texmf-local/tex/latex//:!!/usr/local/texlive/2013/texmf-dist/tex/latex//:/root/.texlive2013/texmf-config/tex/generic//:/root/.texlive2013/texmf-var/tex/generic//:/root/texmf/tex/generic//:!!/usr/local/texlive/2013/texmf-config/tex/generic//:!!/usr/local/texlive/2013/texmf-var/tex/generic//:!!/usr/local/texlive/2013/../texmf-local/tex/generic//:!!/usr/local/texlive/2013/texmf-dist/tex/generic//:/root/.texlive2013/texmf-config/tex///:/root/.texlive2013/texmf-var/tex///:/root/texmf/tex///:!!/usr/local/texlive/2013/texmf-config/tex///:!!/usr/local/texlive/2013/texmf-var/tex///:!!/usr/local/texlive/2013/../texmf-local/tex///:!!/usr/local/texlive/2013/texmf-dist/tex///
Wrote /root/.emacs.d/auctex-11.87/preview/conftest-6349
=> NONE
/usr/local/bin/emacs -batch -no-site-file -eval (let* ((prefix(pop command-line-args-left)) (expanded(pop command-line-args-left)) (pathoutput(pop command-line-args-left))(x (catch 22
       (let (reldir (dirs (mapcar (lambda(x)
              (and (string-match "\\`!*\\(.*\\)/tex/latex//+\\'" x)
	           (match-string 1 x)))
      (append (split-string pathoutput ";")
             (split-string pathoutput ":")))))
	  (dolist (name (list nil) "NONE")
	    (dolist (dir dirs)
	      (when (and dir
	      	         (setq dir (directory-file-name dir))
                         (file-name-absolute-p dir)
	      	         (file-directory-p dir)
	                 (not (string-match "\\`\\.\\."
                           (setq reldir (file-relative-name dir expanded))))
			 (not (file-name-absolute-p reldir))
                         (let ((name name) (dir dir))
		           (while (and dir name
		                       (string= (file-name-nondirectory dir)
		                                (file-name-nondirectory name))
                              (setq dir (file-name-directory dir)
				   name (file-name-directory name))
			      (if (and dir name)
			         (setq dir (directory-file-name dir)
			              name (directory-file-name name)))))
		            (null name))
		   (throw 22
                      (if (string= reldir ".") (directory-file-name prefix)
                        (concat (file-name-as-directory prefix)
                                reldir))))))))))) (write-region (if (stringp x) x (prin1-to-string x)) nil "./conftest-6349")) /usr/local/texlive/2013/share/texmf /usr/local/texlive/2013/share/texmf .:/root/.texlive2013/texmf-config/tex/latex//:/root/.texlive2013/texmf-var/tex/latex//:/root/texmf/tex/latex//:!!/usr/local/texlive/2013/texmf-config/tex/latex//:!!/usr/local/texlive/2013/texmf-var/tex/latex//:!!/usr/local/texlive/2013/../texmf-local/tex/latex//:!!/usr/local/texlive/2013/texmf-dist/tex/latex//:/root/.texlive2013/texmf-config/tex/generic//:/root/.texlive2013/texmf-var/tex/generic//:/root/texmf/tex/generic//:!!/usr/local/texlive/2013/texmf-config/tex/generic//:!!/usr/local/texlive/2013/texmf-var/tex/generic//:!!/usr/local/texlive/2013/../texmf-local/tex/generic//:!!/usr/local/texlive/2013/texmf-dist/tex/generic//:/root/.texlive2013/texmf-config/tex///:/root/.texlive2013/texmf-var/tex///:/root/texmf/tex///:!!/usr/local/texlive/2013/texmf-config/tex///:!!/usr/local/texlive/2013/texmf-var/tex///:!!/usr/local/texlive/2013/../texmf-local/tex///:!!/usr/local/texlive/2013/texmf-dist/tex///
Wrote /root/.emacs.d/auctex-11.87/preview/conftest-6349
=> NONE
/usr/local/bin/emacs -batch -no-site-file -eval (let* ((prefix(pop command-line-args-left)) (expanded(pop command-line-args-left)) (pathoutput(pop command-line-args-left))(x (catch 22
       (let (reldir (dirs (mapcar (lambda(x)
              (and (string-match "\\`!*\\(.*\\)/tex/latex//+\\'" x)
	           (match-string 1 x)))
      (append (split-string pathoutput ";")
             (split-string pathoutput ":")))))
	  (dolist (name (list nil) "NONE")
	    (dolist (dir dirs)
	      (when (and dir
	      	         (setq dir (directory-file-name dir))
                         (file-name-absolute-p dir)
	      	         (file-directory-p dir)
	                 (not (string-match "\\`\\.\\."
                           (setq reldir (file-relative-name dir expanded))))
			 (not (file-name-absolute-p reldir))
                         (let ((name name) (dir dir))
		           (while (and dir name
		                       (string= (file-name-nondirectory dir)
		                                (file-name-nondirectory name))
                              (setq dir (file-name-directory dir)
				   name (file-name-directory name))
			      (if (and dir name)
			         (setq dir (directory-file-name dir)
			              name (directory-file-name name)))))
		            (null name))
		   (throw 22
                      (if (string= reldir ".") (directory-file-name prefix)
                        (concat (file-name-as-directory prefix)
                                reldir))))))))))) (write-region (if (stringp x) x (prin1-to-string x)) nil "./conftest-6349")) /usr/local/texlive/2013/texmf-local /usr/local/texlive/2013/texmf-local .:/root/.texlive2013/texmf-config/tex/latex//:/root/.texlive2013/texmf-var/tex/latex//:/root/texmf/tex/latex//:!!/usr/local/texlive/2013/texmf-config/tex/latex//:!!/usr/local/texlive/2013/texmf-var/tex/latex//:!!/usr/local/texlive/2013/../texmf-local/tex/latex//:!!/usr/local/texlive/2013/texmf-dist/tex/latex//:/root/.texlive2013/texmf-config/tex/generic//:/root/.texlive2013/texmf-var/tex/generic//:/root/texmf/tex/generic//:!!/usr/local/texlive/2013/texmf-config/tex/generic//:!!/usr/local/texlive/2013/texmf-var/tex/generic//:!!/usr/local/texlive/2013/../texmf-local/tex/generic//:!!/usr/local/texlive/2013/texmf-dist/tex/generic//:/root/.texlive2013/texmf-config/tex///:/root/.texlive2013/texmf-var/tex///:/root/texmf/tex///:!!/usr/local/texlive/2013/texmf-config/tex///:!!/usr/local/texlive/2013/texmf-var/tex///:!!/usr/local/texlive/2013/../texmf-local/tex///:!!/usr/local/texlive/2013/texmf-dist/tex///
Wrote /root/.emacs.d/auctex-11.87/preview/conftest-6349
=> NONE
/usr/local/bin/emacs -batch -no-site-file -eval (let* ((prefix(pop command-line-args-left)) (expanded(pop command-line-args-left)) (pathoutput(pop command-line-args-left))(x (catch 22
       (let (reldir (dirs (mapcar (lambda(x)
              (and (string-match "\\`!*\\(.*\\)/tex/latex//+\\'" x)
	           (match-string 1 x)))
      (append (split-string pathoutput ";")
             (split-string pathoutput ":")))))
	  (dolist (name (list nil) "NONE")
	    (dolist (dir dirs)
	      (when (and dir
	      	         (setq dir (directory-file-name dir))
                         (file-name-absolute-p dir)
	      	         (file-directory-p dir)
	                 (not (string-match "\\`\\.\\."
                           (setq reldir (file-relative-name dir expanded))))
			 (not (file-name-absolute-p reldir))
                         (let ((name name) (dir dir))
		           (while (and dir name
		                       (string= (file-name-nondirectory dir)
		                                (file-name-nondirectory name))
                              (setq dir (file-name-directory dir)
				   name (file-name-directory name))
			      (if (and dir name)
			         (setq dir (directory-file-name dir)
			              name (directory-file-name name)))))
		            (null name))
		   (throw 22
                      (if (string= reldir ".") (directory-file-name prefix)
                        (concat (file-name-as-directory prefix)
                                reldir))))))))))) (write-region (if (stringp x) x (prin1-to-string x)) nil "./conftest-6349")) /usr/local/texlive/2013/texmf /usr/local/texlive/2013/texmf .:/root/.texlive2013/texmf-config/tex/latex//:/root/.texlive2013/texmf-var/tex/latex//:/root/texmf/tex/latex//:!!/usr/local/texlive/2013/texmf-config/tex/latex//:!!/usr/local/texlive/2013/texmf-var/tex/latex//:!!/usr/local/texlive/2013/../texmf-local/tex/latex//:!!/usr/local/texlive/2013/texmf-dist/tex/latex//:/root/.texlive2013/texmf-config/tex/generic//:/root/.texlive2013/texmf-var/tex/generic//:/root/texmf/tex/generic//:!!/usr/local/texlive/2013/texmf-config/tex/generic//:!!/usr/local/texlive/2013/texmf-var/tex/generic//:!!/usr/local/texlive/2013/../texmf-local/tex/generic//:!!/usr/local/texlive/2013/texmf-dist/tex/generic//:/root/.texlive2013/texmf-config/tex///:/root/.texlive2013/texmf-var/tex///:/root/texmf/tex///:!!/usr/local/texlive/2013/texmf-config/tex///:!!/usr/local/texlive/2013/texmf-var/tex///:!!/usr/local/texlive/2013/../texmf-local/tex///:!!/usr/local/texlive/2013/texmf-dist/tex///
Wrote /root/.emacs.d/auctex-11.87/preview/conftest-6349
=> NONE
configure:2953: result: no
configure:2955: checking for TeX directory hierarchy
/usr/local/bin/emacs -batch -no-site-file -eval (let* ((prefix(pop command-line-args-left)) (expanded(pop command-line-args-left)) (pathoutput(pop command-line-args-left))(x (catch 22
       (let (reldir (dirs (mapcar (lambda(x)
              (and (string-match "\\`!*\\(.*[^/]\\)//+\\'" x)
	           (match-string 1 x)))
      (append (split-string pathoutput ";")
             (split-string pathoutput ":")))))
	  (dolist (name (list nil) "NONE")
	    (dolist (dir dirs)
	      (when (and dir
	      	         (setq dir (directory-file-name dir))
                         (file-name-absolute-p dir)
	      	         (file-directory-p dir)
	                 (not (string-match "\\`\\.\\."
                           (setq reldir (file-relative-name dir expanded))))
			 (not (file-name-absolute-p reldir))
                         (let ((name name) (dir dir))
		           (while (and dir name
		                       (string= (file-name-nondirectory dir)
		                                (file-name-nondirectory name))
                              (setq dir (file-name-directory dir)
				   name (file-name-directory name))
			      (if (and dir name)
			         (setq dir (directory-file-name dir)
			              name (directory-file-name name)))))
		            (null name))
		   (throw 22
                      (if (string= reldir ".") (directory-file-name prefix)
                        (concat (file-name-as-directory prefix)
                                reldir))))))))))) (write-region (if (stringp x) x (prin1-to-string x)) nil "./conftest-6349")) ${datadir}/texmf /usr/local/share/texmf .:/root/.texlive2013/texmf-config/tex/latex//:/root/.texlive2013/texmf-var/tex/latex//:/root/texmf/tex/latex//:!!/usr/local/texlive/2013/texmf-config/tex/latex//:!!/usr/local/texlive/2013/texmf-var/tex/latex//:!!/usr/local/texlive/2013/../texmf-local/tex/latex//:!!/usr/local/texlive/2013/texmf-dist/tex/latex//:/root/.texlive2013/texmf-config/tex/generic//:/root/.texlive2013/texmf-var/tex/generic//:/root/texmf/tex/generic//:!!/usr/local/texlive/2013/texmf-config/tex/generic//:!!/usr/local/texlive/2013/texmf-var/tex/generic//:!!/usr/local/texlive/2013/../texmf-local/tex/generic//:!!/usr/local/texlive/2013/texmf-dist/tex/generic//:/root/.texlive2013/texmf-config/tex///:/root/.texlive2013/texmf-var/tex///:/root/texmf/tex///:!!/usr/local/texlive/2013/texmf-config/tex///:!!/usr/local/texlive/2013/texmf-var/tex///:!!/usr/local/texlive/2013/../texmf-local/tex///:!!/usr/local/texlive/2013/texmf-dist/tex///
Wrote /root/.emacs.d/auctex-11.87/preview/conftest-6349
=> NONE
/usr/local/bin/emacs -batch -no-site-file -eval (let* ((prefix(pop command-line-args-left)) (expanded(pop command-line-args-left)) (pathoutput(pop command-line-args-left))(x (catch 22
       (let (reldir (dirs (mapcar (lambda(x)
              (and (string-match "\\`!*\\(.*[^/]\\)//+\\'" x)
	           (match-string 1 x)))
      (append (split-string pathoutput ";")
             (split-string pathoutput ":")))))
	  (dolist (name (list nil) "NONE")
	    (dolist (dir dirs)
	      (when (and dir
	      	         (setq dir (directory-file-name dir))
                         (file-name-absolute-p dir)
	      	         (file-directory-p dir)
	                 (not (string-match "\\`\\.\\."
                           (setq reldir (file-relative-name dir expanded))))
			 (not (file-name-absolute-p reldir))
                         (let ((name name) (dir dir))
		           (while (and dir name
		                       (string= (file-name-nondirectory dir)
		                                (file-name-nondirectory name))
                              (setq dir (file-name-directory dir)
				   name (file-name-directory name))
			      (if (and dir name)
			         (setq dir (directory-file-name dir)
			              name (directory-file-name name)))))
		            (null name))
		   (throw 22
                      (if (string= reldir ".") (directory-file-name prefix)
                        (concat (file-name-as-directory prefix)
                                reldir))))))))))) (write-region (if (stringp x) x (prin1-to-string x)) nil "./conftest-6349")) /usr/local/texlive/2013/share/texmf-local /usr/local/texlive/2013/share/texmf-local .:/root/.texlive2013/texmf-config/tex/latex//:/root/.texlive2013/texmf-var/tex/latex//:/root/texmf/tex/latex//:!!/usr/local/texlive/2013/texmf-config/tex/latex//:!!/usr/local/texlive/2013/texmf-var/tex/latex//:!!/usr/local/texlive/2013/../texmf-local/tex/latex//:!!/usr/local/texlive/2013/texmf-dist/tex/latex//:/root/.texlive2013/texmf-config/tex/generic//:/root/.texlive2013/texmf-var/tex/generic//:/root/texmf/tex/generic//:!!/usr/local/texlive/2013/texmf-config/tex/generic//:!!/usr/local/texlive/2013/texmf-var/tex/generic//:!!/usr/local/texlive/2013/../texmf-local/tex/generic//:!!/usr/local/texlive/2013/texmf-dist/tex/generic//:/root/.texlive2013/texmf-config/tex///:/root/.texlive2013/texmf-var/tex///:/root/texmf/tex///:!!/usr/local/texlive/2013/texmf-config/tex///:!!/usr/local/texlive/2013/texmf-var/tex///:!!/usr/local/texlive/2013/../texmf-local/tex///:!!/usr/local/texlive/2013/texmf-dist/tex///
Wrote /root/.emacs.d/auctex-11.87/preview/conftest-6349
=> NONE
/usr/local/bin/emacs -batch -no-site-file -eval (let* ((prefix(pop command-line-args-left)) (expanded(pop command-line-args-left)) (pathoutput(pop command-line-args-left))(x (catch 22
       (let (reldir (dirs (mapcar (lambda(x)
              (and (string-match "\\`!*\\(.*[^/]\\)//+\\'" x)
	           (match-string 1 x)))
      (append (split-string pathoutput ";")
             (split-string pathoutput ":")))))
	  (dolist (name (list nil) "NONE")
	    (dolist (dir dirs)
	      (when (and dir
	      	         (setq dir (directory-file-name dir))
                         (file-name-absolute-p dir)
	      	         (file-directory-p dir)
	                 (not (string-match "\\`\\.\\."
                           (setq reldir (file-relative-name dir expanded))))
			 (not (file-name-absolute-p reldir))
                         (let ((name name) (dir dir))
		           (while (and dir name
		                       (string= (file-name-nondirectory dir)
		                                (file-name-nondirectory name))
                              (setq dir (file-name-directory dir)
				   name (file-name-directory name))
			      (if (and dir name)
			         (setq dir (directory-file-name dir)
			              name (directory-file-name name)))))
		            (null name))
		   (throw 22
                      (if (string= reldir ".") (directory-file-name prefix)
                        (concat (file-name-as-directory prefix)
                                reldir))))))))))) (write-region (if (stringp x) x (prin1-to-string x)) nil "./conftest-6349")) /usr/local/texlive/2013/share/texmf /usr/local/texlive/2013/share/texmf .:/root/.texlive2013/texmf-config/tex/latex//:/root/.texlive2013/texmf-var/tex/latex//:/root/texmf/tex/latex//:!!/usr/local/texlive/2013/texmf-config/tex/latex//:!!/usr/local/texlive/2013/texmf-var/tex/latex//:!!/usr/local/texlive/2013/../texmf-local/tex/latex//:!!/usr/local/texlive/2013/texmf-dist/tex/latex//:/root/.texlive2013/texmf-config/tex/generic//:/root/.texlive2013/texmf-var/tex/generic//:/root/texmf/tex/generic//:!!/usr/local/texlive/2013/texmf-config/tex/generic//:!!/usr/local/texlive/2013/texmf-var/tex/generic//:!!/usr/local/texlive/2013/../texmf-local/tex/generic//:!!/usr/local/texlive/2013/texmf-dist/tex/generic//:/root/.texlive2013/texmf-config/tex///:/root/.texlive2013/texmf-var/tex///:/root/texmf/tex///:!!/usr/local/texlive/2013/texmf-config/tex///:!!/usr/local/texlive/2013/texmf-var/tex///:!!/usr/local/texlive/2013/../texmf-local/tex///:!!/usr/local/texlive/2013/texmf-dist/tex///
Wrote /root/.emacs.d/auctex-11.87/preview/conftest-6349
=> NONE
/usr/local/bin/emacs -batch -no-site-file -eval (let* ((prefix(pop command-line-args-left)) (expanded(pop command-line-args-left)) (pathoutput(pop command-line-args-left))(x (catch 22
       (let (reldir (dirs (mapcar (lambda(x)
              (and (string-match "\\`!*\\(.*[^/]\\)//+\\'" x)
	           (match-string 1 x)))
      (append (split-string pathoutput ";")
             (split-string pathoutput ":")))))
	  (dolist (name (list nil) "NONE")
	    (dolist (dir dirs)
	      (when (and dir
	      	         (setq dir (directory-file-name dir))
                         (file-name-absolute-p dir)
	      	         (file-directory-p dir)
	                 (not (string-match "\\`\\.\\."
                           (setq reldir (file-relative-name dir expanded))))
			 (not (file-name-absolute-p reldir))
                         (let ((name name) (dir dir))
		           (while (and dir name
		                       (string= (file-name-nondirectory dir)
		                                (file-name-nondirectory name))
                              (setq dir (file-name-directory dir)
				   name (file-name-directory name))
			      (if (and dir name)
			         (setq dir (directory-file-name dir)
			              name (directory-file-name name)))))
		            (null name))
		   (throw 22
                      (if (string= reldir ".") (directory-file-name prefix)
                        (concat (file-name-as-directory prefix)
                                reldir))))))))))) (write-region (if (stringp x) x (prin1-to-string x)) nil "./conftest-6349")) /usr/local/texlive/2013/texmf-local /usr/local/texlive/2013/texmf-local .:/root/.texlive2013/texmf-config/tex/latex//:/root/.texlive2013/texmf-var/tex/latex//:/root/texmf/tex/latex//:!!/usr/local/texlive/2013/texmf-config/tex/latex//:!!/usr/local/texlive/2013/texmf-var/tex/latex//:!!/usr/local/texlive/2013/../texmf-local/tex/latex//:!!/usr/local/texlive/2013/texmf-dist/tex/latex//:/root/.texlive2013/texmf-config/tex/generic//:/root/.texlive2013/texmf-var/tex/generic//:/root/texmf/tex/generic//:!!/usr/local/texlive/2013/texmf-config/tex/generic//:!!/usr/local/texlive/2013/texmf-var/tex/generic//:!!/usr/local/texlive/2013/../texmf-local/tex/generic//:!!/usr/local/texlive/2013/texmf-dist/tex/generic//:/root/.texlive2013/texmf-config/tex///:/root/.texlive2013/texmf-var/tex///:/root/texmf/tex///:!!/usr/local/texlive/2013/texmf-config/tex///:!!/usr/local/texlive/2013/texmf-var/tex///:!!/usr/local/texlive/2013/../texmf-local/tex///:!!/usr/local/texlive/2013/texmf-dist/tex///
Wrote /root/.emacs.d/auctex-11.87/preview/conftest-6349
=> NONE
/usr/local/bin/emacs -batch -no-site-file -eval (let* ((prefix(pop command-line-args-left)) (expanded(pop command-line-args-left)) (pathoutput(pop command-line-args-left))(x (catch 22
       (let (reldir (dirs (mapcar (lambda(x)
              (and (string-match "\\`!*\\(.*[^/]\\)//+\\'" x)
	           (match-string 1 x)))
      (append (split-string pathoutput ";")
             (split-string pathoutput ":")))))
	  (dolist (name (list nil) "NONE")
	    (dolist (dir dirs)
	      (when (and dir
	      	         (setq dir (directory-file-name dir))
                         (file-name-absolute-p dir)
	      	         (file-directory-p dir)
	                 (not (string-match "\\`\\.\\."
                           (setq reldir (file-relative-name dir expanded))))
			 (not (file-name-absolute-p reldir))
                         (let ((name name) (dir dir))
		           (while (and dir name
		                       (string= (file-name-nondirectory dir)
		                                (file-name-nondirectory name))
                              (setq dir (file-name-directory dir)
				   name (file-name-directory name))
			      (if (and dir name)
			         (setq dir (directory-file-name dir)
			              name (directory-file-name name)))))
		            (null name))
		   (throw 22
                      (if (string= reldir ".") (directory-file-name prefix)
                        (concat (file-name-as-directory prefix)
                                reldir))))))))))) (write-region (if (stringp x) x (prin1-to-string x)) nil "./conftest-6349")) /usr/local/texlive/2013/texmf /usr/local/texlive/2013/texmf .:/root/.texlive2013/texmf-config/tex/latex//:/root/.texlive2013/texmf-var/tex/latex//:/root/texmf/tex/latex//:!!/usr/local/texlive/2013/texmf-config/tex/latex//:!!/usr/local/texlive/2013/texmf-var/tex/latex//:!!/usr/local/texlive/2013/../texmf-local/tex/latex//:!!/usr/local/texlive/2013/texmf-dist/tex/latex//:/root/.texlive2013/texmf-config/tex/generic//:/root/.texlive2013/texmf-var/tex/generic//:/root/texmf/tex/generic//:!!/usr/local/texlive/2013/texmf-config/tex/generic//:!!/usr/local/texlive/2013/texmf-var/tex/generic//:!!/usr/local/texlive/2013/../texmf-local/tex/generic//:!!/usr/local/texlive/2013/texmf-dist/tex/generic//:/root/.texlive2013/texmf-config/tex///:/root/.texlive2013/texmf-var/tex///:/root/texmf/tex///:!!/usr/local/texlive/2013/texmf-config/tex///:!!/usr/local/texlive/2013/texmf-var/tex///:!!/usr/local/texlive/2013/../texmf-local/tex///:!!/usr/local/texlive/2013/texmf-dist/tex///
Wrote /root/.emacs.d/auctex-11.87/preview/conftest-6349
=> NONE
/usr/local/bin/emacs -batch -no-site-file -eval (let* ((prefix(pop command-line-args-left)) (expanded(pop command-line-args-left)) (pathoutput(pop command-line-args-left))(x (catch 22
       (let (reldir (dirs (mapcar (lambda(x)
              (and (string-match "\\`!*\\(.*[^/]\\)//+\\'" x)
	           (match-string 1 x)))
      (append (split-string pathoutput ";")
             (split-string pathoutput ":")))))
	  (dolist (name (list nil) "NONE")
	    (dolist (dir dirs)
	      (when (and dir
	      	         (setq dir (directory-file-name dir))
                         (file-name-absolute-p dir)
	      	         (file-directory-p dir)
	                 (not (string-match "\\`\\.\\."
                           (setq reldir (file-relative-name dir expanded))))
			 (not (file-name-absolute-p reldir))
                         (let ((name name) (dir dir))
		           (while (and dir name
		                       (string= (file-name-nondirectory dir)
		                                (file-name-nondirectory name))
                              (setq dir (file-name-directory dir)
				   name (file-name-directory name))
			      (if (and dir name)
			         (setq dir (directory-file-name dir)
			              name (directory-file-name name)))))
		            (null name))
		   (throw 22
                      (if (string= reldir ".") (directory-file-name prefix)
                        (concat (file-name-as-directory prefix)
                                reldir))))))))))) (write-region (if (stringp x) x (prin1-to-string x)) nil "./conftest-6349")) ${datadir} /usr/local/share .:/root/.texlive2013/texmf-config/tex/latex//:/root/.texlive2013/texmf-var/tex/latex//:/root/texmf/tex/latex//:!!/usr/local/texlive/2013/texmf-config/tex/latex//:!!/usr/local/texlive/2013/texmf-var/tex/latex//:!!/usr/local/texlive/2013/../texmf-local/tex/latex//:!!/usr/local/texlive/2013/texmf-dist/tex/latex//:/root/.texlive2013/texmf-config/tex/generic//:/root/.texlive2013/texmf-var/tex/generic//:/root/texmf/tex/generic//:!!/usr/local/texlive/2013/texmf-config/tex/generic//:!!/usr/local/texlive/2013/texmf-var/tex/generic//:!!/usr/local/texlive/2013/../texmf-local/tex/generic//:!!/usr/local/texlive/2013/texmf-dist/tex/generic//:/root/.texlive2013/texmf-config/tex///:/root/.texlive2013/texmf-var/tex///:/root/texmf/tex///:!!/usr/local/texlive/2013/texmf-config/tex///:!!/usr/local/texlive/2013/texmf-var/tex///:!!/usr/local/texlive/2013/../texmf-local/tex///:!!/usr/local/texlive/2013/texmf-dist/tex///
Wrote /root/.emacs.d/auctex-11.87/preview/conftest-6349
=> NONE
/usr/local/bin/emacs -batch -no-site-file -eval (let* ((prefix(pop command-line-args-left)) (expanded(pop command-line-args-left)) (pathoutput(pop command-line-args-left))(x (catch 22
       (let (reldir (dirs (mapcar (lambda(x)
              (and (string-match "\\`!*\\(.*[^/]\\)//+\\'" x)
	           (match-string 1 x)))
      (append (split-string pathoutput ";")
             (split-string pathoutput ":")))))
	  (dolist (name (list nil) "NONE")
	    (dolist (dir dirs)
	      (when (and dir
	      	         (setq dir (directory-file-name dir))
                         (file-name-absolute-p dir)
	      	         (file-directory-p dir)
	                 (not (string-match "\\`\\.\\."
                           (setq reldir (file-relative-name dir expanded))))
			 (not (file-name-absolute-p reldir))
                         (let ((name name) (dir dir))
		           (while (and dir name
		                       (string= (file-name-nondirectory dir)
		                                (file-name-nondirectory name))
                              (setq dir (file-name-directory dir)
				   name (file-name-directory name))
			      (if (and dir name)
			         (setq dir (directory-file-name dir)
			              name (directory-file-name name)))))
		            (null name))
		   (throw 22
                      (if (string= reldir ".") (directory-file-name prefix)
                        (concat (file-name-as-directory prefix)
                                reldir))))))))))) (write-region (if (stringp x) x (prin1-to-string x)) nil "./conftest-6349")) /usr/local/texlive/2013/share /usr/local/texlive/2013/share .:/root/.texlive2013/texmf-config/tex/latex//:/root/.texlive2013/texmf-var/tex/latex//:/root/texmf/tex/latex//:!!/usr/local/texlive/2013/texmf-config/tex/latex//:!!/usr/local/texlive/2013/texmf-var/tex/latex//:!!/usr/local/texlive/2013/../texmf-local/tex/latex//:!!/usr/local/texlive/2013/texmf-dist/tex/latex//:/root/.texlive2013/texmf-config/tex/generic//:/root/.texlive2013/texmf-var/tex/generic//:/root/texmf/tex/generic//:!!/usr/local/texlive/2013/texmf-config/tex/generic//:!!/usr/local/texlive/2013/texmf-var/tex/generic//:!!/usr/local/texlive/2013/../texmf-local/tex/generic//:!!/usr/local/texlive/2013/texmf-dist/tex/generic//:/root/.texlive2013/texmf-config/tex///:/root/.texlive2013/texmf-var/tex///:/root/texmf/tex///:!!/usr/local/texlive/2013/texmf-config/tex///:!!/usr/local/texlive/2013/texmf-var/tex///:!!/usr/local/texlive/2013/../texmf-local/tex///:!!/usr/local/texlive/2013/texmf-dist/tex///
Wrote /root/.emacs.d/auctex-11.87/preview/conftest-6349
=> NONE
/usr/local/bin/emacs -batch -no-site-file -eval (let* ((prefix(pop command-line-args-left)) (expanded(pop command-line-args-left)) (pathoutput(pop command-line-args-left))(x (catch 22
       (let (reldir (dirs (mapcar (lambda(x)
              (and (string-match "\\`!*\\(.*[^/]\\)//+\\'" x)
	           (match-string 1 x)))
      (append (split-string pathoutput ";")
             (split-string pathoutput ":")))))
	  (dolist (name (list nil) "NONE")
	    (dolist (dir dirs)
	      (when (and dir
	      	         (setq dir (directory-file-name dir))
                         (file-name-absolute-p dir)
	      	         (file-directory-p dir)
	                 (not (string-match "\\`\\.\\."
                           (setq reldir (file-relative-name dir expanded))))
			 (not (file-name-absolute-p reldir))
                         (let ((name name) (dir dir))
		           (while (and dir name
		                       (string= (file-name-nondirectory dir)
		                                (file-name-nondirectory name))
                              (setq dir (file-name-directory dir)
				   name (file-name-directory name))
			      (if (and dir name)
			         (setq dir (directory-file-name dir)
			              name (directory-file-name name)))))
		            (null name))
		   (throw 22
                      (if (string= reldir ".") (directory-file-name prefix)
                        (concat (file-name-as-directory prefix)
                                reldir))))))))))) (write-region (if (stringp x) x (prin1-to-string x)) nil "./conftest-6349")) /usr/local/texlive/2013 /usr/local/texlive/2013 .:/root/.texlive2013/texmf-config/tex/latex//:/root/.texlive2013/texmf-var/tex/latex//:/root/texmf/tex/latex//:!!/usr/local/texlive/2013/texmf-config/tex/latex//:!!/usr/local/texlive/2013/texmf-var/tex/latex//:!!/usr/local/texlive/2013/../texmf-local/tex/latex//:!!/usr/local/texlive/2013/texmf-dist/tex/latex//:/root/.texlive2013/texmf-config/tex/generic//:/root/.texlive2013/texmf-var/tex/generic//:/root/texmf/tex/generic//:!!/usr/local/texlive/2013/texmf-config/tex/generic//:!!/usr/local/texlive/2013/texmf-var/tex/generic//:!!/usr/local/texlive/2013/../texmf-local/tex/generic//:!!/usr/local/texlive/2013/texmf-dist/tex/generic//:/root/.texlive2013/texmf-config/tex///:/root/.texlive2013/texmf-var/tex///:/root/texmf/tex///:!!/usr/local/texlive/2013/texmf-config/tex///:!!/usr/local/texlive/2013/texmf-var/tex///:!!/usr/local/texlive/2013/../texmf-local/tex///:!!/usr/local/texlive/2013/texmf-dist/tex///
Wrote /root/.emacs.d/auctex-11.87/preview/conftest-6349
=> /usr/local/texlive/2013/texmf-dist/tex/latex
configure:3092: result: /usr/local/texlive/2013/texmf-dist/tex/latex
configure:3195: checking for texhash
configure:3213: found /usr/local/texlive/2013/bin/i386-linux/texhash
configure:3225: result: /usr/local/texlive/2013/bin/i386-linux/texhash
configure:3235: checking for initexmf
configure:3262: result: /usr/local/texlive/2013/bin/i386-linux/texhash
configure:3321: checking for glaring installation conflicts
/usr/local/bin/emacs -batch -eval (let* ((packagelispdir(pop command-line-args-left)) (previewstartfile(pop command-line-args-left))(x 
  (concat
    (and (setq tmp (locate-library "preview.elc"))
         (not (string= (file-truename tmp)
	               (file-truename (expand-file-name "preview.elc"
                                      packagelispdir))))
         (format "Conflicting previous installation in `%s' found!\n"
                 (file-name-directory tmp)))
    (and (setq tmp (locate-library "preview-latex.el"))
         (not (string= (file-truename tmp)
                       (file-truename previewstartfile)))
         (format "Conflicting previous startup file `%s' found!\n" tmp))))) (write-region (if (stringp x) x (prin1-to-string x)) nil "./conftest-6349")) /usr/local/share/emacs/site-lisp/auctex /usr/local/share/emacs/site-lisp/preview-latex.el
Wrote /root/.emacs.d/auctex-11.87/preview/conftest-6349
=> 
configure:3383: result: probably none
configure:3617: creating ./config.status

## ---------------------- ##
## Running config.status. ##
## ---------------------- ##

This file was extended by preview-latex config.status 11.84, which was
generated by GNU Autoconf 2.69.  Invocation command line was

  CONFIG_FILES    = 
  CONFIG_HEADERS  = 
  CONFIG_LINKS    = 
  CONFIG_COMMANDS = 
  $ ./config.status 

on qjl-desktop

config.status:743: creating Makefile
config.status:743: creating auto.el
config.status:743: creating latex/Makefile

## ---------------- ##
## Cache variables. ##
## ---------------- ##

ac_cv_env_GS_set=
ac_cv_env_GS_value=
ac_cv_env_TEXHASH_set=
ac_cv_env_TEXHASH_value=
ac_cv_env_build_alias_set=
ac_cv_env_build_alias_value=
ac_cv_env_host_alias_set=
ac_cv_env_host_alias_value=
ac_cv_env_target_alias_set=
ac_cv_env_target_alias_value=
ac_cv_path_EMACS=/usr/local/bin/emacs
ac_cv_path_LATEX=/usr/local/texlive/2013/bin/i386-linux/latex
ac_cv_path_PDFLATEX=/usr/local/texlive/2013/bin/i386-linux/pdflatex
ac_cv_path_TEX=/usr/local/texlive/2013/bin/i386-linux/tex
ac_cv_path_TEXHASH=/usr/local/texlive/2013/bin/i386-linux/texhash
ac_cv_path_install='/usr/bin/install -c'
ac_cv_prog_GS=gs
ac_cv_prog_TEXHASH=/usr/local/texlive/2013/bin/i386-linux/texhash
ac_cv_prog_make_make_set=yes

## ----------------- ##
## Output variables. ##
## ----------------- ##

DEFS='-DPACKAGE_NAME=\"preview-latex\" -DPACKAGE_TARNAME=\"preview-latex\" -DPACKAGE_VERSION=\"11.84\" -DPACKAGE_STRING=\"preview-latex\ 11.84\" -DPACKAGE_BUGREPORT=\"bug-auctex@gnu.org\" -DPACKAGE_URL=\"\"'
ECHO_C=''
ECHO_N='-n'
ECHO_T=''
EMACS='/usr/local/bin/emacs'
EMACS_FLAVOR='emacs'
GS='gs'
INSTALL_DATA='${INSTALL} -m 644'
INSTALL_PROGRAM='${INSTALL}'
INSTALL_SCRIPT='${INSTALL}'
LATEX='/usr/local/texlive/2013/bin/i386-linux/latex'
LIBOBJS=''
LIBS=''
LTLIBOBJS=''
PACKAGE_BUGREPORT='bug-auctex@gnu.org'
PACKAGE_NAME='preview-latex'
PACKAGE_STRING='preview-latex 11.84'
PACKAGE_TARNAME='preview-latex'
PACKAGE_URL=''
PACKAGE_VERSION='11.84'
PATH_SEPARATOR=':'
PDFLATEX='/usr/local/texlive/2013/bin/i386-linux/pdflatex'
PLAT_LISP='prv-emacs.el'
SET_MAKE=''
SHELL='/bin/sh'
TEX='/usr/local/texlive/2013/bin/i386-linux/tex'
TEXHASH='/usr/local/texlive/2013/bin/i386-linux/texhash'
TEXMFGEN='preview.sty prauctex.def prauctex.cfg prshowbox.def prshowlabels.def prtracingall.def prtightpage.def prlyx.def prcounters.def prfootnotes.def'
XEMACS='no'
auctexdir='..'
bindir='${exec_prefix}/bin'
build_alias=''
datadir='${datarootdir}'
datarootdir='${prefix}/share'
docdir='${datarootdir}/doc/${PACKAGE_TARNAME}'
dvidir='${docdir}'
exec_prefix='${prefix}'
host_alias=''
htmldir='${docdir}'
includedir='${prefix}/include'
infodir='${datarootdir}/info'
libdir='${exec_prefix}/lib'
libexecdir='${exec_prefix}/libexec'
lispGS=''
lispdir='${datadir}/emacs/site-lisp'
lisppackagedatadir='(expand-file-name "auctex" (file-name-directory load-file-name))'
lisppackagelispdir='(expand-file-name "auctex" (file-name-directory load-file-name))'
lisppackagetexstyles=''
localedir='${datarootdir}/locale'
localstatedir='${prefix}/var'
mandir='${datarootdir}/man'
oldincludedir='/usr/include'
packagedatadir='${datadir}/emacs/site-lisp/auctex'
packagedir='no'
packagelispdir='${datadir}/emacs/site-lisp/auctex'
packagetexstyles=''
pdfdir='${docdir}'
prefix='/usr/local'
previewdocdir='/usr/local/texlive/2013/texmf-dist/tex/latex/preview'
previewstartfile='${datadir}/emacs/site-lisp/preview-latex.el'
previewtexmfdir='/usr/local/texlive/2013/texmf-dist/tex/latex/preview'
program_transform_name='s,x,x,'
psdir='${docdir}'
sbindir='${exec_prefix}/sbin'
sharedstatedir='${prefix}/com'
sysconfdir='${prefix}/etc'
target_alias=''
texmfdir='/usr/local/texlive/2013/texmf-dist/tex/latex'

## ----------- ##
## confdefs.h. ##
## ----------- ##

/* confdefs.h */
#define PACKAGE_NAME "preview-latex"
#define PACKAGE_TARNAME "preview-latex"
#define PACKAGE_VERSION "11.84"
#define PACKAGE_STRING "preview-latex 11.84"
#define PACKAGE_BUGREPORT "bug-auctex@gnu.org"
#define PACKAGE_URL ""

configure: exit 0
